This is pdfTeX, Version 3.14159265-2.6-1.40.18 (TeX Live 2017/Debian) (preloaded format=pdflatex 2020.2.10)  10 FEB 2020 15:02
entering extended mode
 restricted \write18 enabled.
 file:line:error style messages enabled.
 %&-line parsing enabled.
**Main.tex
(/home/peter/Documents/vorber_Block/Blockveranstaltung/Ausarbeitung/Main.tex
LaTeX2e <2017-04-15>
Babel <3.18> and hyphenation patterns for 84 language(s) loaded.
(/usr/share/texlive/texmf-dist/tex/latex/base/article.cls
Document Class: article 2014/09/29 v1.4h Standard LaTeX document class
(/usr/share/texlive/texmf-dist/tex/latex/base/size10.clo
File: size10.clo 2014/09/29 v1.4h Standard LaTeX file (size option)
)
\c@part=\count79
\c@section=\count80
\c@subsection=\count81
\c@subsubsection=\count82
\c@paragraph=\count83
\c@subparagraph=\count84
\c@figure=\count85
\c@table=\count86
\abovecaptionskip=\skip41
\belowcaptionskip=\skip42
\bibindent=\dimen102
) (/usr/share/texlive/texmf-dist/tex/latex/cite/cite.sty
LaTeX Info: Redefining \cite on input line 302.
LaTeX Info: Redefining \nocite on input line 332.
Package: cite 2015/02/27  v 5.5
) (/home/peter/Documents/vorber_Block/Blockveranstaltung/Ausarbeitung/Main.aux (/home/peter/Documents/vorber_Block/Blockveranstaltung/Ausarbeitung/Kapitel1.aux) (/home/peter/Documents/vorber_Block/Blockveranstaltung/Ausarbeitung/Kapitel2.aux) (/home/peter/Documents/vorber_Block/Blockveranstaltung/Ausarbeitung/Kapitel3.aux) (/home/peter/Documents/vorber_Block/Blockveranstaltung/Ausarbeitung/Kapitel4.aux) (/home/peter/Documents/vorber_Block/Blockveranstaltung/Ausarbeitung/Kapitel5.aux) (/home/peter/Documents/vorber_Block/Blockveranstaltung/Ausarbeitung/Kapitel6.aux) (/home/peter/Documents/vorber_Block/Blockveranstaltung/Ausarbeitung/Kapitel7.aux) (/home/peter/Documents/vorber_Block/Blockveranstaltung/Ausarbeitung/Kapitel8.aux))
\openout1 = `Main.aux'.

LaTeX Font Info:    Checking defaults for OML/cmm/m/it on input line 21.
LaTeX Font Info:    ... okay on input line 21.
LaTeX Font Info:    Checking defaults for T1/cmr/m/n on input line 21.
LaTeX Font Info:    ... okay on input line 21.
LaTeX Font Info:    Checking defaults for OT1/cmr/m/n on input line 21.
LaTeX Font Info:    ... okay on input line 21.
LaTeX Font Info:    Checking defaults for OMS/cmsy/m/n on input line 21.
LaTeX Font Info:    ... okay on input line 21.
LaTeX Font Info:    Checking defaults for OMX/cmex/m/n on input line 21.
LaTeX Font Info:    ... okay on input line 21.
LaTeX Font Info:    Checking defaults for U/cmr/m/n on input line 21.
LaTeX Font Info:    ... okay on input line 21.
Missing character: There is no Ã in font cmr17!
Missing character: There is no œ in font cmr17!
Missing character: There is no Ã in font cmr17!
Missing character: There is no ¼ in font cmr17!
LaTeX Font Info:    External font `cmex10' loaded for size
(Font)              <12> on input line 22.
LaTeX Font Info:    External font `cmex10' loaded for size
(Font)              <8> on input line 22.
LaTeX Font Info:    External font `cmex10' loaded for size
(Font)              <6> on input line 22.
 [1

{/var/lib/texmf/fonts/map/pdftex/updmap/pdftex.map}] (/home/peter/Documents/vorber_Block/Blockveranstaltung/Ausarbeitung/Main.toc
Missing character: There is no Ã in font cmbx10!
Missing character: There is no ¤ in font cmbx10!
)
\tf@toc=\write3
\openout3 = `Main.toc'.

 [2]
\openout2 = `Kapitel1.aux'.

 (/home/peter/Documents/vorber_Block/Blockveranstaltung/Ausarbeitung/Kapitel1.tex) [3

]
\openout2 = `Kapitel2.aux'.

 (/home/peter/Documents/vorber_Block/Blockveranstaltung/Ausarbeitung/Kapitel2.tex) [4


]
\openout2 = `Kapitel3.aux'.

 (/home/peter/Documents/vorber_Block/Blockveranstaltung/Ausarbeitung/Kapitel3.tex) [5


]
\openout2 = `Kapitel4.aux'.

 (/home/peter/Documents/vorber_Block/Blockveranstaltung/Ausarbeitung/Kapitel4.tex) [6


]
\openout2 = `Kapitel5.aux'.

 (/home/peter/Documents/vorber_Block/Blockveranstaltung/Ausarbeitung/Kapitel5.tex) [7


]
\openout2 = `Kapitel6.aux'.

 (/home/peter/Documents/vorber_Block/Blockveranstaltung/Ausarbeitung/Kapitel6.tex
Missing character: There is no Ã in font cmbx12!
Missing character: There is no ¤ in font cmbx12!
) [8


]
\openout2 = `Kapitel7.aux'.

 (/home/peter/Documents/vorber_Block/Blockveranstaltung/Ausarbeitung/Kapitel7.tex) [9


]
\openout2 = `Kapitel8.aux'.

 (/home/peter/Documents/vorber_Block/Blockveranstaltung/Ausarbeitung/Kapitel8.tex) [10


] (/home/peter/Documents/vorber_Block/Blockveranstaltung/Ausarbeitung/Main.bbl) [11

] (/home/peter/Documents/vorber_Block/Blockveranstaltung/Ausarbeitung/Main.aux (/home/peter/Documents/vorber_Block/Blockveranstaltung/Ausarbeitung/Kapitel1.aux) (/home/peter/Documents/vorber_Block/Blockveranstaltung/Ausarbeitung/Kapitel2.aux) (/home/peter/Documents/vorber_Block/Blockveranstaltung/Ausarbeitung/Kapitel3.aux) (/home/peter/Documents/vorber_Block/Blockveranstaltung/Ausarbeitung/Kapitel4.aux) (/home/peter/Documents/vorber_Block/Blockveranstaltung/Ausarbeitung/Kapitel5.aux) (/home/peter/Documents/vorber_Block/Blockveranstaltung/Ausarbeitung/Kapitel6.aux) (/home/peter/Documents/vorber_Block/Blockveranstaltung/Ausarbeitung/Kapitel7.aux) (/home/peter/Documents/vorber_Block/Blockveranstaltung/Ausarbeitung/Kapitel8.aux)) ) 
Here is how much of TeX's memory you used:
 399 strings out of 492982
 8512 string characters out of 6134896
 57016 words of memory out of 5000000
 3970 multiletter control sequences out of 15000+600000
 8541 words of font info for 30 fonts, out of 8000000 for 9000
 1141 hyphenation exceptions out of 8191
 23i,6n,19p,475b,187s stack positions out of 5000i,500n,10000p,200000b,80000s
</usr/share/texlive/texmf-dist/fonts/type1/public/amsfonts/cm/cmbx10.pfb></usr/share/texlive/texmf-dist/fonts/type1/public/amsfonts/cm/cmbx12.pfb></usr/share/texlive/texmf-dist/fonts/type1/public/amsfonts/cm/cmbx9.pfb></usr/share/texlive/texmf-dist/fonts/type1/public/amsfonts/cm/cmr10.pfb></usr/share/texlive/texmf-dist/fonts/type1/public/amsfonts/cm/cmr12.pfb></usr/share/texlive/texmf-dist/fonts/type1/public/amsfonts/cm/cmr17.pfb></usr/share/texlive/texmf-dist/fonts/type1/public/amsfonts/cm/cmr9.pfb></usr/share/texlive/texmf-dist/fonts/type1/public/amsfonts/cm/cmti10.pfb>
Output written on /home/peter/Documents/vorber_Block/Blockveranstaltung/Ausarbeitung/Main.pdf (11 pages, 117158 bytes).
PDF statistics:
 72 PDF objects out of 1000 (max. 8388607)
 50 compressed objects within 1 object stream
 0 named destinations out of 1000 (max. 500000)
 1 words of extra memory for PDF output out of 10000 (max. 10000000)

